TN:
SF:app/gilded-rose.ts
FN:1,Object.<anonymous>
FN:9,Item
FN:22,GildedRose
FN:23,Object.<anonymous>.GildedRose.updateQuality
FNF:4
FNH:4
FNDA:1,Object.<anonymous>
FNDA:1,Item
FNDA:1,GildedRose
FNDA:1,Object.<anonymous>.GildedRose.updateQuality
DA:1,1
DA:2,1
DA:3,1
DA:4,1
DA:5,1
DA:6,1
DA:7,1
DA:8,1
DA:9,1
DA:10,1
DA:11,1
DA:12,1
DA:13,1
DA:14,1
DA:15,1
DA:16,1
DA:17,1
DA:18,1
DA:19,1
DA:20,1
DA:21,1
DA:22,1
DA:23,1
DA:24,1
DA:25,1
DA:26,1
DA:27,1
DA:28,1
DA:29,1
DA:30,1
DA:31,0
DA:32,0
DA:33,1
DA:34,0
DA:35,0
DA:36,0
DA:37,0
DA:38,0
DA:39,0
DA:40,0
DA:41,0
DA:42,0
DA:43,0
DA:44,0
DA:45,0
DA:46,0
DA:47,0
DA:48,0
DA:49,0
DA:50,0
DA:51,0
DA:52,0
DA:53,0
DA:54,1
DA:55,1
DA:56,1
DA:57,1
DA:58,1
DA:59,1
DA:60,1
DA:61,1
DA:62,1
DA:63,1
DA:64,1
DA:65,1
DA:66,1
DA:67,1
DA:68,1
DA:69,1
LF:69
LH:47
BRDA:1,0,0,1
BRDA:1,1,0,1
BRDA:8,2,0,1
BRDA:9,3,0,1
BRDA:21,4,0,1
BRDA:22,5,0,1
BRDA:22,6,0,0
BRDA:23,7,0,1
BRDA:30,8,0,0
BRDA:33,9,0,0
BRF:10
BRH:7
end_of_record
